xnbhq/build/outputs/logs/manifest-merger-debug-report.txt
-- Merging decision tree log ---
provider#android.support.v4.content.FileProvider
INJECTED from src\main\AndroidManifest.xml:181:9-189:20
	android:grantUriPermissions
		ADDED from src\main\AndroidManifest.xml:185:13-47
	android:authorities
		INJECTED from src\main\AndroidManifest.xml
		ADDED from src\main\AndroidManifest.xml:183:13-60
	android:exported
		ADDED from src\main\AndroidManifest.xml:184:13-37
	android:name
		ADDED from src\main\AndroidManifest.xml:182:13-67
manifest
ADDED from src\main\AndroidManifest.xml:2:1-196:12
INJECTED from src\main\AndroidManifest.xml:2:1-196:12
INJECTED from src\main\AndroidManifest.xml:2:1-196:12
INJECTED from src\main\AndroidManifest.xml:2:1-196:12
MERGED from [com.android.support:multidex:1.0.3] AndroidManifest.xml:17:1-22:12
MERGED from [:LibraryManager:baselibrary] AndroidManifest.xml:2:1-53:12
MERGED from [com.android.support.constraint:constraint-layout:1.1.3] AndroidManifest.xml:2:1-11:12
MERGED from [:zhjc] AndroidManifest.xml:2:1-102:12
MERGED from [com.jakewharton:butterknife:8.8.1] AndroidManifest.xml:2:1-7:12
MERGED from [com.tencent.bugly:crashreport:2.8.6.0] AndroidManifest.xml:2:1-9:12
MERGED from [io.reactivex:rxandroid:1.2.1] AndroidManifest.xml:15:1-21:12
MERGED from [cn.yipianfengye.android:zxing-library:2.1] AndroidManifest.xml:2:1-20:12
MERGED from [com.github.hotchemi:permissionsdispatcher:2.4.0] AndroidManifest.xml:2:1-10:12
MERGED from [com.android.support:percent:26.1.0] AndroidManifest.xml:17:1-28:12
MERGED from [com.daimajia.swipelayout:library:1.2.0] AndroidManifest.xml:2:1-10:12
MERGED from [:LibraryManager:photopicker] AndroidManifest.xml:2:1-21:12
MERGED from [:LibraryManager:proj4android] AndroidManifest.xml:2:1-17:12
MERGED from [:LibraryManager:versionupdata] AndroidManifest.xml:2:1-17:12
MERGED from [com.android.support:design:26.1.0] AndroidManifest.xml:17:1-31:12
MERGED from [com.android.support:recyclerview-v7:26.1.0] AndroidManifest.xml:17:1-28:12
MERGED from [com.bigkoo:convenientbanner:2.0.5] AndroidManifest.xml:2:1-9:12
MERGED from [com.android.support:appcompat-v7:26.1.0] AndroidManifest.xml:17:1-31:12
MERGED from [com.android.support:animated-vector-drawable:26.1.0] AndroidManifest.xml:17:1-28:12
MERGED from [com.android.support:support-v13:26.1.0] AndroidManifest.xml:17:1-31:12
MERGED from [com.github.chrisbanes.photoview:library:1.2.4] AndroidManifest.xml:2:1-11:12
MERGED from [com.android.support:transition:26.1.0] AndroidManifest.xml:17:1-28:12
MERGED from [com.android.support:support-v4:26.1.0] AndroidManifest.xml:17:1-31:12
MERGED from [com.android.support:support-fragment:26.1.0] AndroidManifest.xml:17:1-31:12
MERGED from [com.android.support:support-core-ui:26.1.0] AndroidManifest.xml:17:1-31:12
MERGED from [com.android.support:support-vector-drawable:26.1.0] AndroidManifest.xml:17:1-28:12
MERGED from [com.android.databinding:adapters:3.1.2] AndroidManifest.xml:17:1-24:12
MERGED from [com.android.databinding:library:3.1.2] AndroidManifest.xml:17:1-24:12
MERGED from [com.android.support:support-core-utils:26.1.0] AndroidManifest.xml:17:1-31:12
MERGED from [com.android.support:support-media-compat:26.1.0] AndroidManifest.xml:17:1-31:12
MERGED from [com.android.support:support-compat:26.1.0] AndroidManifest.xml:17:1-31:12
MERGED from [android.arch.lifecycle:runtime:1.0.3] AndroidManifest.xml:17:1-24:12
INJECTED from src\main\AndroidManifest.xml:2:1-196:12
INJECTED from src\main\AndroidManifest.xml:2:1-196:12
INJECTED from src\main\AndroidManifest.xml:2:1-196:12
	package
		ADDED from src\main\AndroidManifest.xml:3:5-31
		INJECTED from src\main\AndroidManifest.xml
		INJECTED from src\main\AndroidManifest.xml
	android:versionName
		INJECTED from src\main\AndroidManifest.xml
		ADDED from src\main\AndroidManifest.xml:2:1-196:12
		INJECTED from src\main\AndroidManifest.xml
	android:versionCode
		INJECTED from src\main\AndroidManifest.xml
		ADDED from src\main\AndroidManifest.xml:2:1-196:12
		INJECTED from src\main\AndroidManifest.xml
	xmlns:android
		ADDED from src\main\AndroidManifest.xml:2:11-69
uses-sdk
ADDED from src\main\AndroidManifest.xml:5:5-7:41
INJECTED from src\main\AndroidManifest.xml:5:5-7:41
INJECTED from src\main\AndroidManifest.xml:5:5-7:41
MERGED from [com.android.support:multidex:1.0.3] AndroidManifest.xml:20:5-43
MERGED from [com.android.support:multidex:1.0.3] AndroidManifest.xml:20:5-43
MERGED from [:LibraryManager:baselibrary] AndroidManifest.xml:7:5-9:41
MERGED from [:LibraryManager:baselibrary] AndroidManifest.xml:7:5-9:41
MERGED from [com.android.support.constraint:constraint-layout:1.1.3] AndroidManifest.xml:5:5-7:41
MERGED from [com.android.support.constraint:constraint-layout:1.1.3] AndroidManifest.xml:5:5-7:41
MERGED from [:zhjc] AndroidManifest.xml:7:5-9:41
MERGED from [:zhjc] AndroidManifest.xml:7:5-9:41
MERGED from [com.jakewharton:butterknife:8.8.1] AndroidManifest.xml:5:5-43
MERGED from [com.jakewharton:butterknife:8.8.1] AndroidManifest.xml:5:5-43
MERGED from [com.tencent.bugly:crashreport:2.8.6.0] AndroidManifest.xml:5:5-7:41
MERGED from [com.tencent.bugly:crashreport:2.8.6.0] AndroidManifest.xml:5:5-7:41
MERGED from [io.reactivex:rxandroid:1.2.1] AndroidManifest.xml:19:5-43
MERGED from [io.reactivex:rxandroid:1.2.1] AndroidManifest.xml:19:5-43
MERGED from [cn.yipianfengye.android:zxing-library:2.1] AndroidManifest.xml:7:5-9:41
MERGED from [cn.yipianfengye.android:zxing-library:2.1] AndroidManifest.xml:7:5-9:41
MERGED from [com.github.hotchemi:permissionsdispatcher:2.4.0] AndroidManifest.xml:6:5-8:41
MERGED from [com.github.hotchemi:permissionsdispatcher:2.4.0] AndroidManifest.xml:6:5-8:41
MERGED from [com.android.support:percent:26.1.0] AndroidManifest.xml:20:5-44
MERGED from [com.android.support:percent:26.1.0] AndroidManifest.xml:20:5-44
MERGED from [com.daimajia.swipelayout:library:1.2.0] AndroidManifest.xml:6:5-8:41
MERGED from [com.daimajia.swipelayout:library:1.2.0] AndroidManifest.xml:6:5-8:41
MERGED from [:LibraryManager:photopicker] AndroidManifest.xml:7:5-9:41
MERGED from [:LibraryManager:photopicker] AndroidManifest.xml:7:5-9:41
MERGED from [:LibraryManager:proj4android] AndroidManifest.xml:7:5-9:41
MERGED from [:LibraryManager:proj4android] AndroidManifest.xml:7:5-9:41
MERGED from [:LibraryManager:versionupdata] AndroidManifest.xml:7:5-9:41
MERGED from [:LibraryManager:versionupdata] AndroidManifest.xml:7:5-9:41
MERGED from [com.android.support:design:26.1.0] AndroidManifest.xml:21:5-23:62
MERGED from [com.android.support:design:26.1.0] AndroidManifest.xml:21:5-23:62
MERGED from [com.android.support:recyclerview-v7:26.1.0] AndroidManifest.xml:20:5-44
MERGED from [com.android.support:recyclerview-v7:26.1.0] AndroidManifest.xml:20:5-44
MERGED from [com.bigkoo:convenientbanner:2.0.5] AndroidManifest.xml:7:5-44
MERGED from [com.bigkoo:convenientbanner:2.0.5] AndroidManifest.xml:7:5-44
MERGED from [com.android.support:appcompat-v7:26.1.0] AndroidManifest.xml:21:5-23:78
MERGED from [com.android.support:appcompat-v7:26.1.0] AndroidManifest.xml:21:5-23:78
MERGED from [com.android.support:animated-vector-drawable:26.1.0] AndroidManifest.xml:20:5-44
MERGED from [com.android.support:animated-vector-drawable:26.1.0] AndroidManifest.xml:20:5-44
MERGED from [com.android.support:support-v13:26.1.0] AndroidManifest.xml:21:5-23:55
MERGED from [com.android.support:support-v13:26.1.0] AndroidManifest.xml:21:5-23:55
MERGED from [com.github.chrisbanes.photoview:library:1.2.4] AndroidManifest.xml:7:5-9:41
MERGED from [com.github.chrisbanes.photoview:library:1.2.4] AndroidManifest.xml:7:5-9:41
MERGED from [com.android.support:transition:26.1.0] AndroidManifest.xml:20:5-44
MERGED from [com.android.support:transition:26.1.0] AndroidManifest.xml:20:5-44
MERGED from [com.android.support:support-v4:26.1.0] AndroidManifest.xml:21:5-23:54
MERGED from [com.android.support:support-v4:26.1.0] AndroidManifest.xml:21:5-23:54
MERGED from [com.android.support:support-fragment:26.1.0] AndroidManifest.xml:21:5-23:60
MERGED from [com.android.support:support-fragment:26.1.0] AndroidManifest.xml:21:5-23:60
MERGED from [com.android.support:support-core-ui:26.1.0] AndroidManifest.xml:21:5-23:58
MERGED from [com.android.support:support-core-ui:26.1.0] AndroidManifest.xml:21:5-23:58
MERGED from [com.android.support:support-vector-drawable:26.1.0] AndroidManifest.xml:20:5-44
MERGED from [com.android.support:support-vector-drawable:26.1.0] AndroidManifest.xml:20:5-44
MERGED from [com.android.databinding:adapters:3.1.2] AndroidManifest.xml:22:5-44
MERGED from [com.android.databinding:adapters:3.1.2] AndroidManifest.xml:22:5-44
MERGED from [com.android.databinding:library:3.1.2] AndroidManifest.xml:22:5-44
MERGED from [com.android.databinding:library:3.1.2] AndroidManifest.xml:22:5-44
MERGED from [com.android.support:support-core-utils:26.1.0] AndroidManifest.xml:21:5-23:61
MERGED from [com.android.support:support-core-utils:26.1.0] AndroidManifest.xml:21:5-23:61
MERGED from [com.android.support:support-media-compat:26.1.0] AndroidManifest.xml:21:5-23:63
MERGED from [com.android.support:support-media-compat:26.1.0] AndroidManifest.xml:21:5-23:63
MERGED from [com.android.support:support-compat:26.1.0] AndroidManifest.xml:21:5-23:58
MERGED from [com.android.support:support-compat:26.1.0] AndroidManifest.xml:21:5-23:58
MERGED from [android.arch.lifecycle:runtime:1.0.3] AndroidManifest.xml:20:5-22:41
MERGED from [android.arch.lifecycle:runtime:1.0.3] AndroidManifest.xml:20:5-22:41
INJECTED from src\main\AndroidManifest.xml:5:5-7:41
INJECTED from src\main\AndroidManifest.xml:5:5-7:41
	tools:overrideLibrary
		ADDED from [com.android.support:design:26.1.0] AndroidManifest.xml:23:9-59
	android:targetSdkVersion
		ADDED from src\main\AndroidManifest.xml:7:9-38
		INJECTED from src\main\AndroidManifest.xml
		INJECTED from src\main\AndroidManifest.xml
	android:minSdkVersion
		ADDED from src\main\AndroidManifest.xml:6:9-35
		INJECTED from src\main\AndroidManifest.xml
		INJECTED from src\main\AndroidManifest.xml
supports-screens
ADDED from src\main\AndroidManifest.xml:9:5-14:39
	android:largeScreens
		ADDED from src\main\AndroidManifest.xml:11:9-36
	android:smallScreens
		ADDED from src\main\AndroidManifest.xml:14:9-36
	android:normalScreens
		ADDED from src\main\AndroidManifest.xml:12:9-37
	android:resizeable
		ADDED from src\main\AndroidManifest.xml:13:9-34
	android:anyDensity
		ADDED from src\main\AndroidManifest.xml:10:9-34
uses-permission#android.permission.CAMERA
ADDED from src\main\AndroidManifest.xml:17:5-65
MERGED from [:LibraryManager:baselibrary] AndroidManifest.xml:12:5-65
MERGED from [:LibraryManager:baselibrary] AndroidManifest.xml:12:5-65
MERGED from [:LibraryManager:photopicker] AndroidManifest.xml:13:5-65
MERGED from [:LibraryManager:photopicker] AndroidManifest.xml:13:5-65
	android:name
		ADDED from src\main\AndroidManifest.xml:17:22-62
uses-permission#android.permission.WAKE_LOCK
ADDED from src\main\AndroidManifest.xml:18:5-68
MERGED from [:LibraryManager:baselibrary] AndroidManifest.xml:13:5-68
MERGED from [:LibraryManager:baselibrary] AndroidManifest.xml:13:5-68
	android:name
		ADDED from src\main\AndroidManifest.xml:18:22-65
uses-permission#android.permission.CHANGE_NETWORK_STATE
ADDED from src\main\AndroidManifest.xml:19:5-79
MERGED from [:LibraryManager:baselibrary] AndroidManifest.xml:14:5-79
MERGED from [:LibraryManager:baselibrary] AndroidManifest.xml:14:5-79
	android:name
		ADDED from src\main\AndroidManifest.xml:19:22-76
uses-permission#android.permission.READ_EXTERNAL_STORAGE
ADDED from src\main\AndroidManifest.xml:20:5-80
MERGED from [:LibraryManager:baselibrary] AndroidManifest.xml:15:5-80
MERGED from [:LibraryManager:baselibrary] AndroidManifest.xml:15:5-80
MERGED from [:LibraryManager:photopicker] AndroidManifest.xml:11:5-80
MERGED from [:LibraryManager:photopicker] AndroidManifest.xml:11:5-80
	android:name
		ADDED from src\main\AndroidManifest.xml:20:22-77
uses-permission#android.permission.VIBRATE
ADDED from src\main\AndroidManifest.xml:21:5-66
	android:name
		ADDED from src\main\AndroidManifest.xml:21:22-63
uses-permission#android.permission.ACCESS_COARSE_LOCATION
ADDED from src\main\AndroidManifest.xml:23:5-81
	android:name
		ADDED from src\main\AndroidManifest.xml:23:22-78
uses-permission#android.permission.ACCESS_FINE_LOCATION
ADDED from src\main\AndroidManifest.xml:25:5-79
MERGED from [:LibraryManager:baselibrary] AndroidManifest.xml:18:5-19:23
MERGED from [:LibraryManager:baselibrary] AndroidManifest.xml:18:5-19:23
	android:name
		ADDED from src\main\AndroidManifest.xml:25:22-76
uses-permission#android.permission.ACCESS_WIFI_STATE
ADDED from src\main\AndroidManifest.xml:27:5-76
MERGED from [:LibraryManager:baselibrary] AndroidManifest.xml:21:5-22:23
MERGED from [:LibraryManager:baselibrary] AndroidManifest.xml:21:5-22:23
	android:name
		ADDED from src\main\AndroidManifest.xml:27:22-73
uses-permission#android.permission.ACCESS_NETWORK_STATE
ADDED from src\main\AndroidManifest.xml:29:5-79
MERGED from [:LibraryManager:baselibrary] AndroidManifest.xml:24:5-25:23
MERGED from [:LibraryManager:baselibrary] AndroidManifest.xml:24:5-25:23
	android:name
		ADDED from src\main\AndroidManifest.xml:29:22-76
uses-permission#android.permission.CHANGE_WIFI_STATE
ADDED from src\main\AndroidManifest.xml:31:5-76
MERGED from [:LibraryManager:baselibrary] AndroidManifest.xml:27:5-28:23
MERGED from [:LibraryManager:baselibrary] AndroidManifest.xml:27:5-28:23
	android:name
		ADDED from src\main\AndroidManifest.xml:31:22-73
uses-permission#android.permission.READ_PHONE_STATE
ADDED from src\main\AndroidManifest.xml:33:5-75
MERGED from [:LibraryManager:baselibrary] AndroidManifest.xml:30:5-31:23
MERGED from [:LibraryManager:baselibrary] AndroidManifest.xml:30:5-31:23
	android:name
		ADDED from src\main\AndroidManifest.xml:33:22-72
uses-permission#android.permission.WRITE_EXTERNAL_STORAGE
ADDED from src\main\AndroidManifest.xml:35:5-81
MERGED from [:LibraryManager:baselibrary] AndroidManifest.xml:33:5-34:23
MERGED from [:LibraryManager:baselibrary] AndroidManifest.xml:33:5-34:23
MERGED from [:LibraryManager:photopicker] AndroidManifest.xml:12:5-81
MERGED from [:LibraryManager:photopicker] AndroidManifest.xml:12:5-81
	android:name
		ADDED from src\main\AndroidManifest.xml:35:22-78
uses-permission#android.permission.INTERNET
ADDED from src\main\AndroidManifest.xml:37:5-67
MERGED from [:LibraryManager:baselibrary] AndroidManifest.xml:36:5-67
MERGED from [:LibraryManager:baselibrary] AndroidManifest.xml:36:5-67
	android:name
		ADDED from src\main\AndroidManifest.xml:37:22-64
uses-permission#android.permission.MOUNT_UNMOUNT_FILESYSTEMS
ADDED from src\main\AndroidManifest.xml:39:5-84
MERGED from [:LibraryManager:baselibrary] AndroidManifest.xml:38:5-39:23
MERGED from [:LibraryManager:baselibrary] AndroidManifest.xml:38:5-39:23
	android:name
		ADDED from src\main\AndroidManifest.xml:39:22-81
uses-permission#android.permission.READ_LOGS
ADDED from src\main\AndroidManifest.xml:41:5-68
MERGED from [:LibraryManager:baselibrary] AndroidManifest.xml:41:5-42:23
MERGED from [:LibraryManager:baselibrary] AndroidManifest.xml:41:5-42:23
	android:name
		ADDED from src\main\AndroidManifest.xml:41:22-65
uses-permission#android.permission.RECEIVE_BOOT_COMPLETED
ADDED from src\main\AndroidManifest.xml:43:5-81
MERGED from [:LibraryManager:baselibrary] AndroidManifest.xml:44:5-81
MERGED from [:LibraryManager:baselibrary] AndroidManifest.xml:44:5-81
	android:name
		ADDED from src\main\AndroidManifest.xml:43:22-78
uses-feature#0x00020000
ADDED from src\main\AndroidManifest.xml:45:5-47:35
	android:glEsVersion
		ADDED from src\main\AndroidManifest.xml:46:9-41
	android:required
		ADDED from src\main\AndroidManifest.xml:47:9-32
application
ADDED from src\main\AndroidManifest.xml:49:5-194:19
MERGED from [:LibraryManager:baselibrary] AndroidManifest.xml:46:5-51:19
MERGED from [:LibraryManager:baselibrary] AndroidManifest.xml:46:5-51:19
MERGED from [com.android.support.constraint:constraint-layout:1.1.3] AndroidManifest.xml:9:5-20
MERGED from [com.android.support.constraint:constraint-layout:1.1.3] AndroidManifest.xml:9:5-20
MERGED from [:zhjc] AndroidManifest.xml:11:5-100:19
MERGED from [:zhjc] AndroidManifest.xml:11:5-100:19
MERGED from [cn.yipianfengye.android:zxing-library:2.1] AndroidManifest.xml:11:5-18:19
MERGED from [cn.yipianfengye.android:zxing-library:2.1] AndroidManifest.xml:11:5-18:19
MERGED from [com.android.support:percent:26.1.0] AndroidManifest.xml:22:5-26:19
MERGED from [com.android.support:percent:26.1.0] AndroidManifest.xml:22:5-26:19
MERGED from [:LibraryManager:photopicker] AndroidManifest.xml:15:5-19:19
MERGED from [:LibraryManager:photopicker] AndroidManifest.xml:15:5-19:19
MERGED from [:LibraryManager:proj4android] AndroidManifest.xml:11:5-15:19
MERGED from [:LibraryManager:proj4android] AndroidManifest.xml:11:5-15:19
MERGED from [:LibraryManager:versionupdata] AndroidManifest.xml:11:5-15:19
MERGED from [:LibraryManager:versionupdata] AndroidManifest.xml:11:5-15:19
MERGED from [com.android.support:design:26.1.0] AndroidManifest.xml:25:5-29:19
MERGED from [com.android.support:design:26.1.0] AndroidManifest.xml:25:5-29:19
MERGED from [com.android.support:recyclerview-v7:26.1.0] AndroidManifest.xml:22:5-26:19
MERGED from [com.android.support:recyclerview-v7:26.1.0] AndroidManifest.xml:22:5-26:19
MERGED from [com.android.support:appcompat-v7:26.1.0] AndroidManifest.xml:25:5-29:19
MERGED from [com.android.support:appcompat-v7:26.1.0] AndroidManifest.xml:25:5-29:19
MERGED from [com.android.support:animated-vector-drawable:26.1.0] AndroidManifest.xml:22:5-26:19
MERGED from [com.android.support:animated-vector-drawable:26.1.0] AndroidManifest.xml:22:5-26:19
MERGED from [com.android.support:support-v13:26.1.0] AndroidManifest.xml:25:5-29:19
MERGED from [com.android.support:support-v13:26.1.0] AndroidManifest.xml:25:5-29:19
MERGED from [com.android.support:transition:26.1.0] AndroidManifest.xml:22:5-26:19
MERGED from [com.android.support:transition:26.1.0] AndroidManifest.xml:22:5-26:19
MERGED from [com.android.support:support-v4:26.1.0] AndroidManifest.xml:25:5-29:19
MERGED from [com.android.support:support-v4:26.1.0] AndroidManifest.xml:25:5-29:19
MERGED from [com.android.support:support-fragment:26.1.0] AndroidManifest.xml:25:5-29:19
MERGED from [com.android.support:support-fragment:26.1.0] AndroidManifest.xml:25:5-29:19
MERGED from [com.android.support:support-core-ui:26.1.0] AndroidManifest.xml:25:5-29:19
MERGED from [com.android.support:support-core-ui:26.1.0] AndroidManifest.xml:25:5-29:19
MERGED from [com.android.support:support-vector-drawable:26.1.0] AndroidManifest.xml:22:5-26:19
MERGED from [com.android.support:support-vector-drawable:26.1.0] AndroidManifest.xml:22:5-26:19
MERGED from [com.android.support:support-core-utils:26.1.0] AndroidManifest.xml:25:5-29:19
MERGED from [com.android.support:support-core-utils:26.1.0] AndroidManifest.xml:25:5-29:19
MERGED from [com.android.support:support-media-compat:26.1.0] AndroidManifest.xml:25:5-29:19
MERGED from [com.android.support:support-media-compat:26.1.0] AndroidManifest.xml:25:5-29:19
MERGED from [com.android.support:support-compat:26.1.0] AndroidManifest.xml:25:5-29:19
MERGED from [com.android.support:support-compat:26.1.0] AndroidManifest.xml:25:5-29:19
	android:supportsRtl
		ADDED from [:LibraryManager:baselibrary] AndroidManifest.xml:49:9-35
	android:label
		ADDED from src\main\AndroidManifest.xml:54:9-41
	android:hardwareAccelerated
		ADDED from src\main\AndroidManifest.xml:52:9-44
	android:largeHeap
		ADDED from src\main\AndroidManifest.xml:55:9-33
	android:icon
		ADDED from src\main\AndroidManifest.xml:53:9-42
	android:allowBackup
		ADDED from src\main\AndroidManifest.xml:51:9-35
	android:theme
		ADDED from src\main\AndroidManifest.xml:56:9-42
	android:name
		ADDED from src\main\AndroidManifest.xml:50:9-38
meta-data#com.baidu.lbsapi.API_KEY
ADDED from src\main\AndroidManifest.xml:59:9-61:56
	android:value
		ADDED from src\main\AndroidManifest.xml:61:13-53
	android:name
		ADDED from src\main\AndroidManifest.xml:60:13-52
activity#com.otitan.xnbhq.activity.SplashActivity
ADDED from src\main\AndroidManifest.xml:63:9-72:20
	android:label
		ADDED from src\main\AndroidManifest.xml:66:13-45
	android:configChanges
		ADDED from src\main\AndroidManifest.xml:65:13-59
	android:name
		ADDED from src\main\AndroidManifest.xml:64:13-52
intent-filter#action:name:android.intent.action.MAIN+category:name:android.intent.category.LAUNCHER
ADDED from src\main\AndroidManifest.xml:67:13-71:29
action#android.intent.action.MAIN
ADDED from src\main\AndroidManifest.xml:68:17-69
	android:name
		ADDED from src\main\AndroidManifest.xml:68:25-66
category#android.intent.category.LAUNCHER
ADDED from src\main\AndroidManifest.xml:70:17-77
	android:name
		ADDED from src\main\AndroidManifest.xml:70:27-74
activity#com.otitan.xnbhq.activity.YHSWActivity
ADDED from src\main\AndroidManifest.xml:73:9-77:53
	android:screenOrientation
		ADDED from src\main\AndroidManifest.xml:77:13-50
	android:label
		ADDED from src\main\AndroidManifest.xml:76:13-56
	android:configChanges
		ADDED from src\main\AndroidManifest.xml:75:13-74
	android:name
		ADDED from src\main\AndroidManifest.xml:74:13-50
activity#com.otitan.xnbhq.activity.SwdyxActivity
ADDED from src\main\AndroidManifest.xml:78:9-82:53
	android:screenOrientation
		ADDED from src\main\AndroidManifest.xml:82:13-50
	android:label
		ADDED from src\main\AndroidManifest.xml:81:13-57
	android:configChanges
		ADDED from src\main\AndroidManifest.xml:80:13-74
	android:name
		ADDED from src\main\AndroidManifest.xml:79:13-51
activity#com.otitan.xnbhq.activity.ErDiaoActivity
ADDED from src\main\AndroidManifest.xml:84:9-88:53
	android:screenOrientation
		ADDED from src\main\AndroidManifest.xml:88:13-50
	android:label
		ADDED from src\main\AndroidManifest.xml:87:13-58
	android:configChanges
		ADDED from src\main\AndroidManifest.xml:86:13-74
	android:name
		ADDED from src\main\AndroidManifest.xml:85:13-52
activity#com.otitan.xnbhq.activity.ED_XBEditActivity
ADDED from src\main\AndroidManifest.xml:90:9-95:57
	android:screenOrientation
		ADDED from src\main\AndroidManifest.xml:94:13-50
	android:label
		ADDED from src\main\AndroidManifest.xml:93:13-58
	android:windowSoftInputMode
		ADDED from src\main\AndroidManifest.xml:95:13-54
	android:configChanges
		ADDED from src\main\AndroidManifest.xml:92:13-74
	android:name
		ADDED from src\main\AndroidManifest.xml:91:13-55
activity#com.otitan.xnbhq.activity.SlzylxqcActivity
ADDED from src\main\AndroidManifest.xml:96:9-100:53
	android:screenOrientation
		ADDED from src\main\AndroidManifest.xml:100:13-50
	android:label
		ADDED from src\main\AndroidManifest.xml:99:13-60
	android:configChanges
		ADDED from src\main\AndroidManifest.xml:98:13-74
	android:name
		ADDED from src\main\AndroidManifest.xml:97:13-54
service#com.baidu.location.f
ADDED from src\main\AndroidManifest.xml:102:9-110:19
	android:process
		ADDED from src\main\AndroidManifest.xml:106:13-38
	android:enabled
		ADDED from src\main\AndroidManifest.xml:104:13-35
	android:permission
		ADDED from src\main\AndroidManifest.xml:105:13-75
	android:name
		ADDED from src\main\AndroidManifest.xml:103:13-48
intent-filter#action:name:com.baidu.location.service_v2.6
ADDED from src\main\AndroidManifest.xml:107:13-109:29
action#com.baidu.location.service_v2.6
ADDED from src\main\AndroidManifest.xml:108:17-74
	android:name
		ADDED from src\main\AndroidManifest.xml:108:25-71
activity#com.otitan.xnbhq.activity.StartActivity
ADDED from src\main\AndroidManifest.xml:112:9-116:53
	android:screenOrientation
		ADDED from src\main\AndroidManifest.xml:116:13-50
	android:label
		ADDED from src\main\AndroidManifest.xml:115:13-55
	android:configChanges
		ADDED from src\main\AndroidManifest.xml:114:13-74
	android:name
		ADDED from src\main\AndroidManifest.xml:113:13-51
activity#com.otitan.xnbhq.supertreeview.GsmmEditActivity
ADDED from src\main\AndroidManifest.xml:117:9-120:53
	android:screenOrientation
		ADDED from src\main\AndroidManifest.xml:120:13-50
	android:configChanges
		ADDED from src\main\AndroidManifest.xml:119:13-74
	android:name
		ADDED from src\main\AndroidManifest.xml:118:13-59
activity#com.otitan.xnbhq.supertreeview.GsmmAddActivity
ADDED from src\main\AndroidManifest.xml:121:9-124:53
	android:screenOrientation
		ADDED from src\main\AndroidManifest.xml:124:13-50
	android:configChanges
		ADDED from src\main\AndroidManifest.xml:123:13-74
	android:name
		ADDED from src\main\AndroidManifest.xml:122:13-58
activity#com.otitan.xnbhq.supertreeview.Image2Activity
ADDED from src\main\AndroidManifest.xml:125:9-128:53
	android:screenOrientation
		ADDED from src\main\AndroidManifest.xml:128:13-50
	android:configChanges
		ADDED from src\main\AndroidManifest.xml:127:13-74
	android:name
		ADDED from src\main\AndroidManifest.xml:126:13-57
activity#com.otitan.xnbhq.activity.SlzylxqcYdyzActivity
ADDED from src\main\AndroidManifest.xml:129:9-132:53
	android:screenOrientation
		ADDED from src\main\AndroidManifest.xml:132:13-50
	android:configChanges
		ADDED from src\main\AndroidManifest.xml:131:13-74
	android:name
		ADDED from src\main\AndroidManifest.xml:130:13-58
activity#com.otitan.xnbhq.activity.GsmmActivity
ADDED from src\main\AndroidManifest.xml:133:9-136:53
	android:screenOrientation
		ADDED from src\main\AndroidManifest.xml:136:13-50
	android:configChanges
		ADDED from src\main\AndroidManifest.xml:135:13-74
	android:name
		ADDED from src\main\AndroidManifest.xml:134:13-50
activity#com.otitan.xnbhq.edite.activity.XbEditActivity
ADDED from src\main\AndroidManifest.xml:137:9-142:55
	android:screenOrientation
		ADDED from src\main\AndroidManifest.xml:141:13-50
	android:label
		ADDED from src\main\AndroidManifest.xml:140:13-56
	android:windowSoftInputMode
		ADDED from src\main\AndroidManifest.xml:142:13-52
	android:configChanges
		ADDED from src\main\AndroidManifest.xml:139:13-74
	android:name
		ADDED from src\main\AndroidManifest.xml:138:13-58
activity#com.otitan.xnbhq.edite.activity.ImageActivity
ADDED from src\main\AndroidManifest.xml:143:9-147:53
	android:screenOrientation
		ADDED from src\main\AndroidManifest.xml:147:13-50
	android:label
		ADDED from src\main\AndroidManifest.xml:146:13-57
	android:configChanges
		ADDED from src\main\AndroidManifest.xml:145:13-74
	android:name
		ADDED from src\main\AndroidManifest.xml:144:13-57
activity#com.otitan.xnbhq.activity.XczfActivity
ADDED from src\main\AndroidManifest.xml:148:9-152:53
	android:screenOrientation
		ADDED from src\main\AndroidManifest.xml:152:13-50
	android:label
		ADDED from src\main\AndroidManifest.xml:151:13-56
	android:configChanges
		ADDED from src\main\AndroidManifest.xml:150:13-74
	android:name
		ADDED from src\main\AndroidManifest.xml:149:13-50
activity#com.otitan.xnbhq.activity.SdzyActivity
ADDED from src\main\AndroidManifest.xml:153:9-157:53
	android:screenOrientation
		ADDED from src\main\AndroidManifest.xml:157:13-50
	android:label
		ADDED from src\main\AndroidManifest.xml:156:13-56
	android:configChanges
		ADDED from src\main\AndroidManifest.xml:155:13-74
	android:name
		ADDED from src\main\AndroidManifest.xml:154:13-50
activity#com.otitan.xnbhq.edite.activity.YzlYddActivity
ADDED from src\main\AndroidManifest.xml:158:9-162:53
	android:screenOrientation
		ADDED from src\main\AndroidManifest.xml:162:13-50
	android:label
		ADDED from src\main\AndroidManifest.xml:161:13-59
	android:configChanges
		ADDED from src\main\AndroidManifest.xml:160:13-74
	android:name
		ADDED from src\main\AndroidManifest.xml:159:13-58
activity#com.otitan.xnbhq.edite.activity.PointEditActivity
ADDED from src\main\AndroidManifest.xml:163:9-167:53
	android:screenOrientation
		ADDED from src\main\AndroidManifest.xml:167:13-50
	android:label
		ADDED from src\main\AndroidManifest.xml:166:13-62
	android:configChanges
		ADDED from src\main\AndroidManifest.xml:165:13-74
	android:name
		ADDED from src\main\AndroidManifest.xml:164:13-61
activity#com.otitan.xnbhq.edite.activity.LineEditActivity
ADDED from src\main\AndroidManifest.xml:168:9-172:53
	android:screenOrientation
		ADDED from src\main\AndroidManifest.xml:172:13-50
	android:label
		ADDED from src\main\AndroidManifest.xml:171:13-61
	android:configChanges
		ADDED from src\main\AndroidManifest.xml:170:13-74
	android:name
		ADDED from src\main\AndroidManifest.xml:169:13-60
activity#com.otitan.xnbhq.activity.ED_YmdcActivity
ADDED from src\main\AndroidManifest.xml:173:9-176:53
	android:screenOrientation
		ADDED from src\main\AndroidManifest.xml:176:13-50
	android:configChanges
		ADDED from src\main\AndroidManifest.xml:175:13-74
	android:name
		ADDED from src\main\AndroidManifest.xml:174:13-53
activity#com.otitan.xnbhq.activity.McjyActivity
ADDED from src\main\AndroidManifest.xml:177:9-179:53
	android:screenOrientation
		ADDED from src\main\AndroidManifest.xml:179:13-50
	android:name
		ADDED from src\main\AndroidManifest.xml:178:13-50
activity#com.otitan.xnbhq.activity.ImageBrowseActivity
ADDED from src\main\AndroidManifest.xml:191:9-66
	android:name
		ADDED from src\main\AndroidManifest.xml:191:19-63
activity#com.otitan.xnbhq.activity.LoginActivity
ADDED from src\main\AndroidManifest.xml:192:9-60
	android:name
		ADDED from src\main\AndroidManifest.xml:192:19-57
activity#com.otitan.xnbhq.activity.YzlActivity
ADDED from src\main\AndroidManifest.xml:193:9-58
	android:name
		ADDED from src\main\AndroidManifest.xml:193:19-55
meta-data#android.support.FILE_PROVIDER_PATHS
ADDED from src\main\AndroidManifest.xml:186:13-188:58
	android:resource
		ADDED from src\main\AndroidManifest.xml:188:17-55
	android:name
		ADDED from src\main\AndroidManifest.xml:187:17-67
activity#com.titan.baselibrary.permission.PermissionsActivity
ADDED from [:LibraryManager:baselibrary] AndroidManifest.xml:50:9-89
	android:name
		ADDED from [:LibraryManager:baselibrary] AndroidManifest.xml:50:19-86
activity#com.titan.gzzhjc.EchartActivity
ADDED from [:zhjc] AndroidManifest.xml:15:9-18:59
	android:configChanges
		ADDED from [:zhjc] AndroidManifest.xml:17:13-74
	android:theme